<?xml version="1.0" encoding="UTF-8" ?>
<testsuite failures="0" time="0.059" errors="0" skipped="0" tests="1" name="com.cyanspring.server.bt.ExchangeBtLoadTickTest">
  <properties>
    <property name="java.runtime.name" value="Java(TM) SE Runtime Environment"/>
    <property name="sun.boot.library.path" value="C:\Program Files\Java\jdk1.7.0_65\jre\bin"/>
    <property name="java.vm.version" value="24.65-b04"/>
    <property name="user.country.format" value="CN"/>
    <property name="java.vm.vendor" value="Oracle Corporation"/>
    <property name="java.vendor.url" value="http://java.oracle.com/"/>
    <property name="path.separator" value=";"/>
    <property name="java.vm.name" value="Java HotSpot(TM) 64-Bit Server VM"/>
    <property name="file.encoding.pkg" value="sun.io"/>
    <property name="user.script" value=""/>
    <property name="user.country" value="US"/>
    <property name="sun.java.launcher" value="SUN_STANDARD"/>
    <property name="sun.os.patch.level" value="Service Pack 1"/>
    <property name="java.vm.specification.name" value="Java Virtual Machine Specification"/>
    <property name="user.dir" value="C:\projects\algo-build\release\algo\server"/>
    <property name="java.runtime.version" value="1.7.0_65-b19"/>
    <property name="java.awt.graphicsenv" value="sun.awt.Win32GraphicsEnvironment"/>
    <property name="basedir" value="C:\projects\algo-build\release\algo\server"/>
    <property name="java.endorsed.dirs" value="C:\Program Files\Java\jdk1.7.0_65\jre\lib\endorsed"/>
    <property name="os.arch" value="amd64"/>
    <property name="surefire.real.class.path" value="C:\Users\PC\AppData\Local\Temp\surefirebooter4908985390375708278.jar"/>
    <property name="java.io.tmpdir" value="C:\Users\PC\AppData\Local\Temp\"/>
    <property name="line.separator" value="
"/>
    <property name="java.vm.specification.vendor" value="Oracle Corporation"/>
    <property name="user.variant" value=""/>
    <property name="os.name" value="Windows 7"/>
    <property name="sun.jnu.encoding" value="MS950"/>
    <property name="java.library.path" value="C:\Program Files\Java\jdk1.7.0_65\jre\bin;C:\Windows\Sun\Java\bin;C:\Windows\system32;C:\Windows;C:\Program Files (x86)\HP SimplePass\;C:\Program Files (x86)\Intel\iCLS Client\;C:\Program Files\Intel\iCLS Client\;C:\Program Files (x86)\AMD APP\bin\x86_64;C:\Program Files (x86)\AMD APP\bin\x86;C:\Program Files\Common Files\Microsoft Shared\Windows Live;C:\Program Files (x86)\Common Files\Microsoft Shared\Windows Live;C:\Windows\system32;C:\Windows;C:\Windows\System32\Wbem;C:\Windows\System32\WindowsPowerShell\v1.0\;C:\Program Files (x86)\Windows Live\Shared;C:\Program Files (x86)\ATI Technologies\ATI.ACE\Core-Static;C:\Program Files\Intel\WiFi\bin\;C:\Program Files\Common Files\Intel\WirelessCommon\;C:\Program Files\Intel\Intel(R) Management Engine Components\DAL;C:\Program Files\Intel\Intel(R) Management Engine Components\IPT;C:\Program Files (x86)\Intel\Intel(R) Management Engine Components\DAL;C:\Program Files (x86)\Intel\Intel(R) Management Engine Components\IPT;C:\Program Files\Java\jdk1.7.0_65;C:\Program Files\Java\jdk1.7.0_65\bin;c:\java\apache-maven-3.0.4\bin;C:\Program Files\nodejs\;C:\Program Files\apache-ant-1.9.4\bin;C:\java\adt-bundle-windows-x86-20131030\sdk\tools;C:\java\adt-bundle-windows-x86-20131030\sdk\platform-tools;C:\Program Files\TortoiseSVN\bin;c:\bin;C:\Program Files\Google\Cloud SDK\google-cloud-sdk\bin;C:\Users\PC\AppData\Roaming\npm;."/>
    <property name="surefire.test.class.path" value="C:\projects\algo-build\release\algo\server\target\test-classes;C:\projects\algo-build\release\algo\server\target\classes;C:\Users\PC\.m2\repository\javassist\javassist\3.12.1.GA\javassist-3.12.1.GA.jar;C:\Users\PC\.m2\repository\org\hibernate\hibernate-core\3.6.3.Final\hibernate-core-3.6.3.Final.jar;C:\Users\PC\.m2\repository\antlr\antlr\2.7.6\antlr-2.7.6.jar;C:\Users\PC\.m2\repository\commons-collections\commons-collections\3.1\commons-collections-3.1.jar;C:\Users\PC\.m2\repository\dom4j\dom4j\1.6.1\dom4j-1.6.1.jar;C:\Users\PC\.m2\repository\org\hibernate\hibernate-commons-annotations\3.2.0.Final\hibernate-commons-annotations-3.2.0.Final.jar;C:\Users\PC\.m2\repository\org\hibernate\javax\persistence\hibernate-jpa-2.0-api\1.0.0.Final\hibernate-jpa-2.0-api-1.0.0.Final.jar;C:\Users\PC\.m2\repository\javax\transaction\jta\1.1\jta-1.1.jar;C:\Users\PC\.m2\repository\commons-dbcp\commons-dbcp\1.4\commons-dbcp-1.4.jar;C:\Users\PC\.m2\repository\commons-pool\commons-pool\1.5.4\commons-pool-1.5.4.jar;C:\Users\PC\.m2\repository\org\springframework\spring-hibernate3\2.0.8\spring-hibernate3-2.0.8.jar;C:\Users\PC\.m2\repository\aopalliance\aopalliance\1.0\aopalliance-1.0.jar;C:\Users\PC\.m2\repository\commons-logging\commons-logging\1.1\commons-logging-1.1.jar;C:\Users\PC\.m2\repository\logkit\logkit\1.0.1\logkit-1.0.1.jar;C:\Users\PC\.m2\repository\avalon-framework\avalon-framework\4.1.3\avalon-framework-4.1.3.jar;C:\Users\PC\.m2\repository\javax\servlet\servlet-api\2.3\servlet-api-2.3.jar;C:\Users\PC\.m2\repository\org\hibernate\hibernate\3.2.5.ga\hibernate-3.2.5.ga.jar;C:\Users\PC\.m2\repository\net\sf\ehcache\ehcache\1.2.3\ehcache-1.2.3.jar;C:\Users\PC\.m2\repository\asm\asm-attrs\1.5.3\asm-attrs-1.5.3.jar;C:\Users\PC\.m2\repository\cglib\cglib\2.1_3\cglib-2.1_3.jar;C:\Users\PC\.m2\repository\asm\asm\1.5.3\asm-1.5.3.jar;C:\Users\PC\.m2\repository\org\springframework\spring-dao\2.0.8\spring-dao-2.0.8.jar;C:\Users\PC\.m2\repository\org\springframework\spring-jdbc\2.0.8\spring-jdbc-2.0.8.jar;C:\Users\PC\.m2\repository\org\apache\derby\derby\10.8.2.2\derby-10.8.2.2.jar;C:\Users\PC\.m2\repository\org\apache\derby\derbynet\10.8.2.2\derbynet-10.8.2.2.jar;C:\Users\PC\.m2\repository\org\apache\derby\derbyclient\10.8.2.2\derbyclient-10.8.2.2.jar;C:\Users\PC\.m2\repository\org\apache\mina\mina-core\1.1.5\mina-core-1.1.5.jar;C:\Users\PC\.m2\repository\quickfixj\quickfixj-core\1.5.3\quickfixj-core-1.5.3.jar;C:\Users\PC\.m2\repository\quickfixj\quickfixj-message42\1.5.3\quickfixj-message42-1.5.3.jar;C:\projects\algo-build\release\algo\common\target\cyanspring-common-2.56.jar;C:\projects\algo-build\release\algo\strategy\target\cyanspring-strategy-2.56.jar;C:\projects\algo-build\release\algo\event\target\cyanspring-event-2.56.jar;C:\projects\algo-build\release\algo\transport\target\cyanspring-transport-2.56.jar;C:\Users\PC\.m2\repository\org\apache\activemq\activemq-core\5.5.0\activemq-core-5.5.0.jar;C:\Users\PC\.m2\repository\org\apache\geronimo\specs\geronimo-jms_1.1_spec\1.1.1\geronimo-jms_1.1_spec-1.1.1.jar;C:\Users\PC\.m2\repository\org\apache\activemq\activeio-core\3.1.2\activeio-core-3.1.2.jar;C:\Users\PC\.m2\repository\org\apache\activemq\kahadb\5.5.0\kahadb-5.5.0.jar;C:\Users\PC\.m2\repository\org\apache\activemq\protobuf\activemq-protobuf\1.1\activemq-protobuf-1.1.jar;C:\Users\PC\.m2\repository\org\osgi\org.osgi.core\4.1.0\org.osgi.core-4.1.0.jar;C:\Users\PC\.m2\repository\org\apache\geronimo\specs\geronimo-j2ee-management_1.1_spec\1.0.1\geronimo-j2ee-management_1.1_spec-1.0.1.jar;C:\Users\PC\.m2\repository\commons-net\commons-net\2.0\commons-net-2.0.jar;C:\Users\PC\.m2\repository\org\jasypt\jasypt\1.7\jasypt-1.7.jar;C:\projects\algo-build\release\algo\sample\target\cyanspring-sample-2.56.jar;C:\projects\algo-build\release\algo\adaptor\target\cyanspring-adaptor-2.56.jar;C:\projects\algo-build\release\algo\simulator\target\cyanspring-simulator-2.56.jar;C:\Users\PC\.m2\repository\log4j\apache-log4j-extras\1.1\apache-log4j-extras-1.1.jar;C:\Users\PC\.m2\repository\org\slf4j\slf4j-api\1.6.1\slf4j-api-1.6.1.jar;C:\Users\PC\.m2\repository\org\slf4j\jcl-over-slf4j\1.6.1\jcl-over-slf4j-1.6.1.jar;C:\Users\PC\.m2\repository\org\slf4j\slf4j-log4j12\1.6.1\slf4j-log4j12-1.6.1.jar;C:\Users\PC\.m2\repository\log4j\log4j\1.2.14\log4j-1.2.14.jar;C:\Users\PC\.m2\repository\junit\junit\4.8.1\junit-4.8.1.jar;C:\Users\PC\.m2\repository\org\springframework\spring-core\3.0.5.RELEASE\spring-core-3.0.5.RELEASE.jar;C:\Users\PC\.m2\repository\org\springframework\spring-asm\3.0.5.RELEASE\spring-asm-3.0.5.RELEASE.jar;C:\Users\PC\.m2\repository\org\springframework\spring-context\3.0.5.RELEASE\spring-context-3.0.5.RELEASE.jar;C:\Users\PC\.m2\repository\org\springframework\spring-aop\3.0.5.RELEASE\spring-aop-3.0.5.RELEASE.jar;C:\Users\PC\.m2\repository\org\springframework\spring-expression\3.0.5.RELEASE\spring-expression-3.0.5.RELEASE.jar;C:\Users\PC\.m2\repository\org\springframework\spring-beans\3.0.5.RELEASE\spring-beans-3.0.5.RELEASE.jar;C:\Users\PC\.m2\repository\org\springframework\spring-test\3.0.5.RELEASE\spring-test-3.0.5.RELEASE.jar;C:\Users\PC\.m2\repository\com\thoughtworks\xstream\xstream\1.4.1\xstream-1.4.1.jar;C:\Users\PC\.m2\repository\xmlpull\xmlpull\1.1.3.1\xmlpull-1.1.3.1.jar;C:\Users\PC\.m2\repository\xpp3\xpp3_min\1.1.4c\xpp3_min-1.1.4c.jar;C:\Users\PC\.m2\repository\net\sf\kxml\kxml2\2.3.0\kxml2-2.3.0.jar;"/>
    <property name="java.specification.name" value="Java Platform API Specification"/>
    <property name="java.class.version" value="51.0"/>
    <property name="sun.management.compiler" value="HotSpot 64-Bit Tiered Compilers"/>
    <property name="os.version" value="6.1"/>
    <property name="user.home" value="C:\Users\PC"/>
    <property name="user.timezone" value="Asia/Shanghai"/>
    <property name="java.awt.printerjob" value="sun.awt.windows.WPrinterJob"/>
    <property name="java.specification.version" value="1.7"/>
    <property name="file.encoding" value="MS950"/>
    <property name="user.name" value="PC"/>
    <property name="java.class.path" value="C:\projects\algo-build\release\algo\server\target\test-classes;C:\projects\algo-build\release\algo\server\target\classes;C:\Users\PC\.m2\repository\javassist\javassist\3.12.1.GA\javassist-3.12.1.GA.jar;C:\Users\PC\.m2\repository\org\hibernate\hibernate-core\3.6.3.Final\hibernate-core-3.6.3.Final.jar;C:\Users\PC\.m2\repository\antlr\antlr\2.7.6\antlr-2.7.6.jar;C:\Users\PC\.m2\repository\commons-collections\commons-collections\3.1\commons-collections-3.1.jar;C:\Users\PC\.m2\repository\dom4j\dom4j\1.6.1\dom4j-1.6.1.jar;C:\Users\PC\.m2\repository\org\hibernate\hibernate-commons-annotations\3.2.0.Final\hibernate-commons-annotations-3.2.0.Final.jar;C:\Users\PC\.m2\repository\org\hibernate\javax\persistence\hibernate-jpa-2.0-api\1.0.0.Final\hibernate-jpa-2.0-api-1.0.0.Final.jar;C:\Users\PC\.m2\repository\javax\transaction\jta\1.1\jta-1.1.jar;C:\Users\PC\.m2\repository\commons-dbcp\commons-dbcp\1.4\commons-dbcp-1.4.jar;C:\Users\PC\.m2\repository\commons-pool\commons-pool\1.5.4\commons-pool-1.5.4.jar;C:\Users\PC\.m2\repository\org\springframework\spring-hibernate3\2.0.8\spring-hibernate3-2.0.8.jar;C:\Users\PC\.m2\repository\aopalliance\aopalliance\1.0\aopalliance-1.0.jar;C:\Users\PC\.m2\repository\commons-logging\commons-logging\1.1\commons-logging-1.1.jar;C:\Users\PC\.m2\repository\logkit\logkit\1.0.1\logkit-1.0.1.jar;C:\Users\PC\.m2\repository\avalon-framework\avalon-framework\4.1.3\avalon-framework-4.1.3.jar;C:\Users\PC\.m2\repository\javax\servlet\servlet-api\2.3\servlet-api-2.3.jar;C:\Users\PC\.m2\repository\org\hibernate\hibernate\3.2.5.ga\hibernate-3.2.5.ga.jar;C:\Users\PC\.m2\repository\net\sf\ehcache\ehcache\1.2.3\ehcache-1.2.3.jar;C:\Users\PC\.m2\repository\asm\asm-attrs\1.5.3\asm-attrs-1.5.3.jar;C:\Users\PC\.m2\repository\cglib\cglib\2.1_3\cglib-2.1_3.jar;C:\Users\PC\.m2\repository\asm\asm\1.5.3\asm-1.5.3.jar;C:\Users\PC\.m2\repository\org\springframework\spring-dao\2.0.8\spring-dao-2.0.8.jar;C:\Users\PC\.m2\repository\org\springframework\spring-jdbc\2.0.8\spring-jdbc-2.0.8.jar;C:\Users\PC\.m2\repository\org\apache\derby\derby\10.8.2.2\derby-10.8.2.2.jar;C:\Users\PC\.m2\repository\org\apache\derby\derbynet\10.8.2.2\derbynet-10.8.2.2.jar;C:\Users\PC\.m2\repository\org\apache\derby\derbyclient\10.8.2.2\derbyclient-10.8.2.2.jar;C:\Users\PC\.m2\repository\org\apache\mina\mina-core\1.1.5\mina-core-1.1.5.jar;C:\Users\PC\.m2\repository\quickfixj\quickfixj-core\1.5.3\quickfixj-core-1.5.3.jar;C:\Users\PC\.m2\repository\quickfixj\quickfixj-message42\1.5.3\quickfixj-message42-1.5.3.jar;C:\projects\algo-build\release\algo\common\target\cyanspring-common-2.56.jar;C:\projects\algo-build\release\algo\strategy\target\cyanspring-strategy-2.56.jar;C:\projects\algo-build\release\algo\event\target\cyanspring-event-2.56.jar;C:\projects\algo-build\release\algo\transport\target\cyanspring-transport-2.56.jar;C:\Users\PC\.m2\repository\org\apache\activemq\activemq-core\5.5.0\activemq-core-5.5.0.jar;C:\Users\PC\.m2\repository\org\apache\geronimo\specs\geronimo-jms_1.1_spec\1.1.1\geronimo-jms_1.1_spec-1.1.1.jar;C:\Users\PC\.m2\repository\org\apache\activemq\activeio-core\3.1.2\activeio-core-3.1.2.jar;C:\Users\PC\.m2\repository\org\apache\activemq\kahadb\5.5.0\kahadb-5.5.0.jar;C:\Users\PC\.m2\repository\org\apache\activemq\protobuf\activemq-protobuf\1.1\activemq-protobuf-1.1.jar;C:\Users\PC\.m2\repository\org\osgi\org.osgi.core\4.1.0\org.osgi.core-4.1.0.jar;C:\Users\PC\.m2\repository\org\apache\geronimo\specs\geronimo-j2ee-management_1.1_spec\1.0.1\geronimo-j2ee-management_1.1_spec-1.0.1.jar;C:\Users\PC\.m2\repository\commons-net\commons-net\2.0\commons-net-2.0.jar;C:\Users\PC\.m2\repository\org\jasypt\jasypt\1.7\jasypt-1.7.jar;C:\projects\algo-build\release\algo\sample\target\cyanspring-sample-2.56.jar;C:\projects\algo-build\release\algo\adaptor\target\cyanspring-adaptor-2.56.jar;C:\projects\algo-build\release\algo\simulator\target\cyanspring-simulator-2.56.jar;C:\Users\PC\.m2\repository\log4j\apache-log4j-extras\1.1\apache-log4j-extras-1.1.jar;C:\Users\PC\.m2\repository\org\slf4j\slf4j-api\1.6.1\slf4j-api-1.6.1.jar;C:\Users\PC\.m2\repository\org\slf4j\jcl-over-slf4j\1.6.1\jcl-over-slf4j-1.6.1.jar;C:\Users\PC\.m2\repository\org\slf4j\slf4j-log4j12\1.6.1\slf4j-log4j12-1.6.1.jar;C:\Users\PC\.m2\repository\log4j\log4j\1.2.14\log4j-1.2.14.jar;C:\Users\PC\.m2\repository\junit\junit\4.8.1\junit-4.8.1.jar;C:\Users\PC\.m2\repository\org\springframework\spring-core\3.0.5.RELEASE\spring-core-3.0.5.RELEASE.jar;C:\Users\PC\.m2\repository\org\springframework\spring-asm\3.0.5.RELEASE\spring-asm-3.0.5.RELEASE.jar;C:\Users\PC\.m2\repository\org\springframework\spring-context\3.0.5.RELEASE\spring-context-3.0.5.RELEASE.jar;C:\Users\PC\.m2\repository\org\springframework\spring-aop\3.0.5.RELEASE\spring-aop-3.0.5.RELEASE.jar;C:\Users\PC\.m2\repository\org\springframework\spring-expression\3.0.5.RELEASE\spring-expression-3.0.5.RELEASE.jar;C:\Users\PC\.m2\repository\org\springframework\spring-beans\3.0.5.RELEASE\spring-beans-3.0.5.RELEASE.jar;C:\Users\PC\.m2\repository\org\springframework\spring-test\3.0.5.RELEASE\spring-test-3.0.5.RELEASE.jar;C:\Users\PC\.m2\repository\com\thoughtworks\xstream\xstream\1.4.1\xstream-1.4.1.jar;C:\Users\PC\.m2\repository\xmlpull\xmlpull\1.1.3.1\xmlpull-1.1.3.1.jar;C:\Users\PC\.m2\repository\xpp3\xpp3_min\1.1.4c\xpp3_min-1.1.4c.jar;C:\Users\PC\.m2\repository\net\sf\kxml\kxml2\2.3.0\kxml2-2.3.0.jar;"/>
    <property name="java.vm.specification.version" value="1.7"/>
    <property name="sun.arch.data.model" value="64"/>
    <property name="java.home" value="C:\Program Files\Java\jdk1.7.0_65\jre"/>
    <property name="sun.java.command" value="C:\Users\PC\AppData\Local\Temp\surefirebooter4908985390375708278.jar C:\Users\PC\AppData\Local\Temp\surefire711376513341585159tmp C:\Users\PC\AppData\Local\Temp\surefire7832968649495376625tmp"/>
    <property name="java.specification.vendor" value="Oracle Corporation"/>
    <property name="user.language" value="en"/>
    <property name="user.language.format" value="zh"/>
    <property name="awt.toolkit" value="sun.awt.windows.WToolkit"/>
    <property name="java.vm.info" value="mixed mode"/>
    <property name="java.version" value="1.7.0_65"/>
    <property name="java.ext.dirs" value="C:\Program Files\Java\jdk1.7.0_65\jre\lib\ext;C:\Windows\Sun\Java\lib\ext"/>
    <property name="sun.boot.class.path" value="C:\Program Files\Java\jdk1.7.0_65\jre\lib\resources.jar;C:\Program Files\Java\jdk1.7.0_65\jre\lib\rt.jar;C:\Program Files\Java\jdk1.7.0_65\jre\lib\sunrsasign.jar;C:\Program Files\Java\jdk1.7.0_65\jre\lib\jsse.jar;C:\Program Files\Java\jdk1.7.0_65\jre\lib\jce.jar;C:\Program Files\Java\jdk1.7.0_65\jre\lib\charsets.jar;C:\Program Files\Java\jdk1.7.0_65\jre\lib\jfr.jar;C:\Program Files\Java\jdk1.7.0_65\jre\classes"/>
    <property name="java.vendor" value="Oracle Corporation"/>
    <property name="localRepository" value="C:\Users\PC\.m2\repository"/>
    <property name="file.separator" value="\"/>
    <property name="derby.stream.error.file" value="log/derby.log"/>
    <property name="java.vendor.url.bug" value="http://bugreport.sun.com/bugreport/"/>
    <property name="sun.cpu.endian" value="little"/>
    <property name="sun.io.unicode.encoding" value="UnicodeLittle"/>
    <property name="sun.desktop" value="windows"/>
    <property name="sun.cpu.isalist" value="amd64"/>
  </properties>
  <testcase time="0.048" classname="com.cyanspring.server.bt.ExchangeBtLoadTickTest" name="test"/>
</testsuite>